0 info it worked if it ends with ok
1 verbose cli [ 'C:\\usr\\bin\\nodejs\\node.exe',
1 verbose cli   'C:\\usr\\bin\\nodejs\\node_modules\\npm\\bin\\npm-cli.js',
1 verbose cli   'run',
1 verbose cli   'watch' ]
2 info using npm@3.9.5
3 info using node@v6.2.2
4 verbose run-script [ 'prewatch', 'watch', 'postwatch' ]
5 info lifecycle beast@0.0.1~prewatch: beast@0.0.1
6 silly lifecycle beast@0.0.1~prewatch: no script for prewatch, continuing
7 info lifecycle beast@0.0.1~watch: beast@0.0.1
8 verbose lifecycle beast@0.0.1~watch: unsafe-perm in lifecycle true
9 verbose lifecycle beast@0.0.1~watch: PATH: C:\usr\bin\nodejs\node_modules\npm\bin\node-gyp-bin;C:\code\BadarniMath\node_modules\.bin;C:\usr\bin\nodejs;C:\usr\bin\vs2015\Common7\IDE\CommonExtensions\Microsoft\TestWindow;C:\Program Files (x86)\Microsoft SDKs\F#\4.0\Framework\v4.0\;C:\Program Files (x86)\MSBuild\14.0\bin;C:\usr\bin\vs2015\Common7\IDE\;C:\usr\bin\vs2015\VC\BIN;C:\usr\bin\vs2015\Common7\Tools;C:\WINDOWS\Microsoft.NET\Framework\v4.0.30319;C:\usr\bin\vs2015\VC\VCPackages;C:\Program Files (x86)\HTML Help Workshop;C:\usr\bin\vs2015\Team Tools\Performance Tools;C:\Program Files (x86)\Windows Kits\10\bin\x86;C:\Program Files (x86)\Microsoft SDKs\Windows\v10.0A\bin\NETFX 4.6.1 Tools\;C:\Program Files\Common Files\Microsoft Shared\Microsoft Online Services;C:\Program Files (x86)\Common Files\Microsoft Shared\Microsoft Online Services;C:\WINDOWS\system32;C:\WINDOWS;C:\WINDOWS\System32\Wbem;C:\WINDOWS\System32\WindowsPowerShell\v1.0\;C:\Program Files\Microsoft SQL Server\120\Tools\Binn\;C:\Program Files\Microsoft SQL Server\130\Tools\Binn\;C:\Program Files (x86)\Windows Kits\10\Windows Performance Toolkit\;C:\Program Files\Git\cmd;C:\Program Files\Microsoft SQL Server\Client SDK\ODBC\110\Tools\Binn\;C:\Program Files (x86)\Microsoft SQL Server\120\Tools\Binn\;C:\Program Files\Microsoft SQL Server\120\DTS\Binn\;C:\Program Files (x86)\Microsoft SQL Server\120\Tools\Binn\ManagementStudio\;C:\Program Files (x86)\Microsoft SQL Server\120\DTS\Binn\;C:\Program Files\Microsoft\Web Platform Installer\;C:\usr\bin\nodejs\;C:\Program Files (x86)\Microsoft Emulator Manager\1.0\;C:\Users\maxw\.dnx\bin;C:\usr\bin\auto;C:\Users\maxw\AppData\Roaming\npm;%USERPROFILE%\AppData\Local\Microsoft\WindowsApps;
10 verbose lifecycle beast@0.0.1~watch: CWD: C:\code\BadarniMath
11 silly lifecycle beast@0.0.1~watch: Args: [ '/d /s /c', 'fable -w --target watch' ]
12 silly lifecycle beast@0.0.1~watch: Returned: code: 1  signal: null
13 info lifecycle beast@0.0.1~watch: Failed to exec watch script
14 verbose stack Error: beast@0.0.1 watch: `fable -w --target watch`
14 verbose stack Exit status 1
14 verbose stack     at EventEmitter.<anonymous> (C:\usr\bin\nodejs\node_modules\npm\lib\utils\lifecycle.js:245:16)
14 verbose stack     at emitTwo (events.js:106:13)
14 verbose stack     at EventEmitter.emit (events.js:191:7)
14 verbose stack     at ChildProcess.<anonymous> (C:\usr\bin\nodejs\node_modules\npm\lib\utils\spawn.js:24:14)
14 verbose stack     at emitTwo (events.js:106:13)
14 verbose stack     at ChildProcess.emit (events.js:191:7)
14 verbose stack     at maybeClose (internal/child_process.js:852:16)
14 verbose stack     at Process.ChildProcess._handle.onexit (internal/child_process.js:215:5)
15 verbose pkgid beast@0.0.1
16 verbose cwd C:\code\BadarniMath
17 error Windows_NT 10.0.14393
18 error argv "C:\\usr\\bin\\nodejs\\node.exe" "C:\\usr\\bin\\nodejs\\node_modules\\npm\\bin\\npm-cli.js" "run" "watch"
19 error node v6.2.2
20 error npm  v3.9.5
21 error code ELIFECYCLE
22 error beast@0.0.1 watch: `fable -w --target watch`
22 error Exit status 1
23 error Failed at the beast@0.0.1 watch script 'fable -w --target watch'.
23 error Make sure you have the latest version of node.js and npm installed.
23 error If you do, this is most likely a problem with the beast package,
23 error not with npm itself.
23 error Tell the author that this fails on your system:
23 error     fable -w --target watch
23 error You can get information on how to open an issue for this project with:
23 error     npm bugs beast
23 error Or if that isn't available, you can get their info via:
23 error     npm owner ls beast
23 error There is likely additional logging output above.
24 verbose exit [ 1, true ]
